Compiling the C compiler identification source file "CMakeCCompilerId.c" failed.
Compiler: /Users/xiaoyu/pegasus/wasm.cdt/build/bin/wasm-cc 
Build flags: ;-O3;
Id flags:  

The output was:
255
/Users/xiaoyu/pegasus/wasm.cdt/build/bin/wasm-ld: error: cannot open /var/folders/ps/ycy52w1s09v6qbr22jm0r8s80000gp/T//CMakeCCompilerId.c.o: No such file or directory


Compiling the CXX compiler identification source file "CMakeCXXCompilerId.cpp" failed.
Compiler: /Users/xiaoyu/pegasus/wasm.cdt/build/bin/wasm-cpp 
Build flags: ;-O3;
Id flags:  

The output was:
255
/Users/xiaoyu/pegasus/wasm.cdt/build/bin/wasm-ld: error: duplicate symbol: main(int, char**)
>>> defined in /var/folders/ps/ycy52w1s09v6qbr22jm0r8s80000gp/T//CMakeCXXCompilerId.cpp.o
>>> defined in /var/folders/ps/ycy52w1s09v6qbr22jm0r8s80000gp/T//CMakeCXXCompilerId.cpp.o

/Users/xiaoyu/pegasus/wasm.cdt/build/bin/wasm-ld: error: duplicate symbol: info_platform
>>> defined in /var/folders/ps/ycy52w1s09v6qbr22jm0r8s80000gp/T//CMakeCXXCompilerId.cpp.o
>>> defined in /var/folders/ps/ycy52w1s09v6qbr22jm0r8s80000gp/T//CMakeCXXCompilerId.cpp.o

/Users/xiaoyu/pegasus/wasm.cdt/build/bin/wasm-ld: error: duplicate symbol: info_compiler
>>> defined in /var/folders/ps/ycy52w1s09v6qbr22jm0r8s80000gp/T//CMakeCXXCompilerId.cpp.o
>>> defined in /var/folders/ps/ycy52w1s09v6qbr22jm0r8s80000gp/T//CMakeCXXCompilerId.cpp.o

/Users/xiaoyu/pegasus/wasm.cdt/build/bin/wasm-ld: error: duplicate symbol: info_language_dialect_default
>>> defined in /var/folders/ps/ycy52w1s09v6qbr22jm0r8s80000gp/T//CMakeCXXCompilerId.cpp.o
>>> defined in /var/folders/ps/ycy52w1s09v6qbr22jm0r8s80000gp/T//CMakeCXXCompilerId.cpp.o

/Users/xiaoyu/pegasus/wasm.cdt/build/bin/wasm-ld: error: duplicate symbol: info_arch
>>> defined in /var/folders/ps/ycy52w1s09v6qbr22jm0r8s80000gp/T//CMakeCXXCompilerId.cpp.o
>>> defined in /var/folders/ps/ycy52w1s09v6qbr22jm0r8s80000gp/T//CMakeCXXCompilerId.cpp.o


Detecting C compiler ABI info failed to compile with the following output:
Change Dir: /Users/xiaoyu/pegasus/wasm.cdt/examples/token/build/token/CMakeFiles/CMakeTmp

Run Build Command(s):/usr/bin/make cmTC_ea96f/fast 
/Applications/Xcode.app/Contents/Developer/usr/bin/make -f CMakeFiles/cmTC_ea96f.dir/build.make CMakeFiles/cmTC_ea96f.dir/build
Building C object CMakeFiles/cmTC_ea96f.dir/CMakeCCompilerABI.c.obj
/Users/xiaoyu/pegasus/wasm.cdt/build/bin/wasm-cc   -O3     -v -o CMakeFiles/cmTC_ea96f.dir/CMakeCCompilerABI.c.obj   -c /usr/local/Cellar/cmake/3.14.5/share/cmake/Modules/CMakeCCompilerABI.c
clang version 7.0.0 
Target: x86_64-apple-darwin18.5.0
Thread model: posix
InstalledDir: /Users/xiaoyu/pegasus/wasm.cdt/build/bin
Linking C executable cmTC_ea96f.wasm
/usr/local/Cellar/cmake/3.14.5/bin/cmake -E cmake_link_script CMakeFiles/cmTC_ea96f.dir/link.txt --verbose=1
/Users/xiaoyu/pegasus/wasm.cdt/build/bin/wasm-lld  -v CMakeFiles/cmTC_ea96f.dir/CMakeCCompilerABI.c.obj -o cmTC_ea96f.wasm 
wasm-lld: Unknown command line argument '-v'.  Try: '/Users/xiaoyu/pegasus/wasm.cdt/build/bin/wasm-lld -help'
wasm-lld: Did you mean '-L'?
make[4]: *** [cmTC_ea96f.wasm] Error 1
make[3]: *** [cmTC_ea96f/fast] Error 2



Detecting C [-std=c11] compiler features failed to compile with the following output:
Change Dir: /Users/xiaoyu/pegasus/wasm.cdt/examples/token/build/token/CMakeFiles/CMakeTmp

Run Build Command(s):/usr/bin/make cmTC_06ec7/fast 
/Applications/Xcode.app/Contents/Developer/usr/bin/make -f CMakeFiles/cmTC_06ec7.dir/build.make CMakeFiles/cmTC_06ec7.dir/build
Building C object CMakeFiles/cmTC_06ec7.dir/feature_tests.c.obj
/Users/xiaoyu/pegasus/wasm.cdt/build/bin/wasm-cc   -O3     -std=c11 -o CMakeFiles/cmTC_06ec7.dir/feature_tests.c.obj   -c /Users/xiaoyu/pegasus/wasm.cdt/examples/token/build/token/CMakeFiles/feature_tests.c
wasm-cc: Unknown command line argument '-std=c11'.  Try: '/Users/xiaoyu/pegasus/wasm.cdt/build/bin/wasm-cc -help'
wasm-cc: Did you mean '-dD=c11'?
make[4]: *** [CMakeFiles/cmTC_06ec7.dir/feature_tests.c.obj] Error 1
make[3]: *** [cmTC_06ec7/fast] Error 2



Detecting CXX compiler ABI info failed to compile with the following output:
Change Dir: /Users/xiaoyu/pegasus/wasm.cdt/examples/token/build/token/CMakeFiles/CMakeTmp

Run Build Command(s):/usr/bin/make cmTC_2707a/fast 
/Applications/Xcode.app/Contents/Developer/usr/bin/make -f CMakeFiles/cmTC_2707a.dir/build.make CMakeFiles/cmTC_2707a.dir/build
Building CXX object CMakeFiles/cmTC_2707a.dir/CMakeCXXCompilerABI.cpp.obj
/Users/xiaoyu/pegasus/wasm.cdt/build/bin/wasm-cpp    -O3     -v -o CMakeFiles/cmTC_2707a.dir/CMakeCXXCompilerABI.cpp.obj -c /usr/local/Cellar/cmake/3.14.5/share/cmake/Modules/CMakeCXXCompilerABI.cpp
clang version 7.0.0 
Target: x86_64-apple-darwin18.5.0
Thread model: posix
InstalledDir: /Users/xiaoyu/pegasus/wasm.cdt/build/bin
Linking CXX executable cmTC_2707a.wasm
/usr/local/Cellar/cmake/3.14.5/bin/cmake -E cmake_link_script CMakeFiles/cmTC_2707a.dir/link.txt --verbose=1
/Users/xiaoyu/pegasus/wasm.cdt/build/bin/wasm-lld  -v CMakeFiles/cmTC_2707a.dir/CMakeCXXCompilerABI.cpp.obj -o cmTC_2707a.wasm 
wasm-lld: Unknown command line argument '-v'.  Try: '/Users/xiaoyu/pegasus/wasm.cdt/build/bin/wasm-lld -help'
wasm-lld: Did you mean '-L'?
make[4]: *** [cmTC_2707a.wasm] Error 1
make[3]: *** [cmTC_2707a/fast] Error 2



Detecting CXX [-std=c++2a] compiler features failed to compile with the following output:
Change Dir: /Users/xiaoyu/pegasus/wasm.cdt/examples/token/build/token/CMakeFiles/CMakeTmp

Run Build Command(s):/usr/bin/make cmTC_9a55b/fast 
/Applications/Xcode.app/Contents/Developer/usr/bin/make -f CMakeFiles/cmTC_9a55b.dir/build.make CMakeFiles/cmTC_9a55b.dir/build
Building CXX object CMakeFiles/cmTC_9a55b.dir/feature_tests.cxx.obj
/Users/xiaoyu/pegasus/wasm.cdt/build/bin/wasm-cpp    -O3     -std=c++2a -o CMakeFiles/cmTC_9a55b.dir/feature_tests.cxx.obj -c /Users/xiaoyu/pegasus/wasm.cdt/examples/token/build/token/CMakeFiles/feature_tests.cxx
Linking CXX executable cmTC_9a55b.wasm
/usr/local/Cellar/cmake/3.14.5/bin/cmake -E cmake_link_script CMakeFiles/cmTC_9a55b.dir/link.txt --verbose=1
/Users/xiaoyu/pegasus/wasm.cdt/build/bin/wasm-lld   CMakeFiles/cmTC_9a55b.dir/feature_tests.cxx.obj -o cmTC_9a55b.wasm 
/Users/xiaoyu/pegasus/wasm.cdt/build/bin/wasm-ld: error: fatal failure: contract with no actions and trying to create dispatcher
make[4]: *** [cmTC_9a55b.wasm] Error 255
make[3]: *** [cmTC_9a55b/fast] Error 2



